<?xml version="1.0" encoding="UTF-8"?>
<testng-results skipped="0" failed="0" total="1" passed="1">
  <reporter-output>
  </reporter-output>
  <suite name="Jenkins" duration-ms="14572" started-at="2018-08-07T20:50:20Z" finished-at="2018-08-07T20:50:35Z">
    <groups>
    </groups>
    <test name="Jenkins Hello Demo" duration-ms="14572" started-at="2018-08-07T20:50:20Z" finished-at="2018-08-07T20:50:35Z">
      <class name="com.demo.jenkins.Hello">
        <test-method status="PASS" signature="Test1()" name="Test1" duration-ms="14548" started-at="2018-08-07T20:50:20Z" finished-at="2018-08-07T20:50:35Z">
        </test-method>
      </class>
    </test>
  </suite>
</testng-results>
